
> Task :compileJava
Note: /Users/adarshgs/Documents/Stocks/App/pi-system/src/main/java/com/investments/stocks/diversification/portfolio/service/PortfolioWriteServiceImpl.java uses or overrides a deprecated API.
Note: Recompile with -Xlint:deprecation for details.

> Task :processResources
> Task :classes
> Task :resolveMainClassName

> Task :bootRun
Standard Commons Logging discovery in action with spring-jcl: please remove commons-logging.jar from classpath in order to avoid potential conflicts

  .   ____          _            __ _ _
 /\\ / ___'_ __ _ _(_)_ __  __ _ \ \ \ \
( ( )\___ | '_ | '_| | '_ \/ _` | \ \ \ \
 \\/  ___)| |_)| | | | | || (_| |  ) ) ) )
  '  |____| .__|_| |_|_| |_\__, | / / / /
 =========|_|==============|___/=/_/_/_/

 :: Spring Boot ::                (v3.4.0)

2026-02-06T21:58:38.113+05:30  INFO 22306 --- [pi-system] [           main] com.main.Application                     : Starting Application using Java 17.0.17 with PID 22306 (/Users/adarshgs/Documents/Stocks/App/pi-system/build/classes/java/main started by adarshgs in /Users/adarshgs/Documents/Stocks/App/pi-system)
2026-02-06T21:58:38.114+05:30  INFO 22306 --- [pi-system] [           main] com.main.Application                     : The following 1 profile is active: "dev"
2026-02-06T21:58:39.718+05:30  INFO 22306 --- [pi-system] [           main] .s.d.r.c.RepositoryConfigurationDelegate : Multiple Spring Data modules found, entering strict repository configuration mode
2026-02-06T21:58:39.719+05:30  INFO 22306 --- [pi-system] [           main] .s.d.r.c.RepositoryConfigurationDelegate : Bootstrapping Spring Data JPA repositories in DEFAULT mode.
2026-02-06T21:58:40.419+05:30  INFO 22306 --- [pi-system] [           main] .s.d.r.c.RepositoryConfigurationDelegate : Finished Spring Data repository scanning in 695 ms. Found 63 JPA repository interfaces.
2026-02-06T21:58:40.783+05:30  INFO 22306 --- [pi-system] [           main] .s.d.r.c.RepositoryConfigurationDelegate : Multiple Spring Data modules found, entering strict repository configuration mode
2026-02-06T21:58:40.784+05:30  INFO 22306 --- [pi-system] [           main] .s.d.r.c.RepositoryConfigurationDelegate : Bootstrapping Spring Data Redis repositories in DEFAULT mode.
2026-02-06T21:58:40.790+05:30  INFO 22306 --- [pi-system] [           main] .s.d.r.c.RepositoryConfigurationDelegate : Finished Spring Data repository scanning in 1 ms. Found 0 Redis repository interfaces.
2026-02-06T21:58:41.333+05:30  INFO 22306 --- [pi-system] [           main] o.s.b.w.embedded.tomcat.TomcatWebServer  : Tomcat initialized with port 8082 (http)
2026-02-06T21:58:41.341+05:30  INFO 22306 --- [pi-system] [           main] o.apache.catalina.core.StandardService   : Starting service [Tomcat]
2026-02-06T21:58:41.342+05:30  INFO 22306 --- [pi-system] [           main] o.apache.catalina.core.StandardEngine    : Starting Servlet engine: [Apache Tomcat/10.1.33]
2026-02-06T21:58:41.381+05:30  INFO 22306 --- [pi-system] [           main] o.a.c.c.C.[Tomcat].[localhost].[/]       : Initializing Spring embedded WebApplicationContext
2026-02-06T21:58:41.381+05:30  INFO 22306 --- [pi-system] [           main] w.s.c.ServletWebServerApplicationContext : Root WebApplicationContext: initialization completed in 3200 ms
Standard Commons Logging discovery in action with spring-jcl: please remove commons-logging.jar from classpath in order to avoid potential conflicts
2026-02-06T21:58:41.647+05:30  INFO 22306 --- [pi-system] [           main] com.main.FlywayConfig                    : Initiating Premium Flyway Validation Pre-check...
2026-02-06T21:58:41.647+05:30  INFO 22306 --- [pi-system] [           main] com.main.FlywayConfig                    : Temporarily skipping validation to diagnose issue...
2026-02-06T21:58:41.647+05:30  INFO 22306 --- [pi-system] [           main] com.main.FlywayConfig                    : Flyway validation skipped. Proceeding to migration...
2026-02-06T21:58:41.654+05:30  INFO 22306 --- [pi-system] [           main] com.zaxxer.hikari.HikariDataSource       : HikariPool-1 - Starting...
2026-02-06T21:58:41.741+05:30  INFO 22306 --- [pi-system] [           main] com.zaxxer.hikari.pool.HikariPool        : HikariPool-1 - Added connection com.mysql.cj.jdbc.ConnectionImpl@57ce8f63
2026-02-06T21:58:41.742+05:30  INFO 22306 --- [pi-system] [           main] com.zaxxer.hikari.HikariDataSource       : HikariPool-1 - Start completed.
2026-02-06T21:58:41.816+05:30  INFO 22306 --- [pi-system] [           main] org.flywaydb.core.FlywayExecutor         : Database: jdbc:mysql://localhost:3306/pi-system?useSSL=false&serverTimezone=UTC&allowPublicKeyRetrieval=true (MySQL 8.0)
2026-02-06T21:58:42.009+05:30  INFO 22306 --- [pi-system] [           main] o.f.core.internal.command.DbValidate     : Successfully validated 53 migrations (execution time 00:00.097s)
2026-02-06T21:58:42.024+05:30  INFO 22306 --- [pi-system] [           main] o.f.core.internal.command.DbMigrate      : Current version of schema `pi-system`: 54
2026-02-06T21:58:42.034+05:30  INFO 22306 --- [pi-system] [           main] o.f.core.internal.command.DbMigrate      : Migrating schema `pi-system` to version "55 - Add Subscription Tier To Users"
2026-02-06T21:58:42.965+05:30  INFO 22306 --- [pi-system] [           main] o.f.core.internal.command.DbMigrate      : Successfully applied 1 migration to schema `pi-system`, now at version v55 (execution time 00:00.894s)
2026-02-06T21:58:43.234+05:30  INFO 22306 --- [pi-system] [           main] o.hibernate.jpa.internal.util.LogHelper  : HHH000204: Processing PersistenceUnitInfo [name: default]
2026-02-06T21:58:43.287+05:30  INFO 22306 --- [pi-system] [           main] org.hibernate.Version                    : HHH000412: Hibernate ORM core version 6.6.2.Final
2026-02-06T21:58:43.792+05:30  INFO 22306 --- [pi-system] [           main] o.h.c.internal.RegionFactoryInitiator    : HHH000026: Second-level cache disabled
2026-02-06T21:58:44.753+05:30  INFO 22306 --- [pi-system] [           main] o.s.o.j.p.SpringPersistenceUnitInfo      : No LoadTimeWeaver setup: ignoring JPA class transformer
2026-02-06T21:58:45.200+05:30  INFO 22306 --- [pi-system] [           main] org.hibernate.orm.connections.pooling    : HHH10001005: Database info:
	Database JDBC URL [Connecting through datasource 'HikariDataSource (HikariPool-1)']
	Database driver: undefined/unknown
	Database version: 8.0.40
	Autocommit mode: undefined/unknown
	Isolation level: undefined/unknown
	Minimum pool size: undefined/unknown
	Maximum pool size: undefined/unknown
2026-02-06T21:58:46.342+05:30  INFO 22306 --- [pi-system] [           main] o.h.e.t.j.p.i.JtaPlatformInitiator       : HHH000489: No JTA platform available (set 'hibernate.transaction.jta.platform' to enable JTA platform integration)
2026-02-06T21:58:46.344+05:30  INFO 22306 --- [pi-system] [           main] j.LocalContainerEntityManagerFactoryBean : Initialized JPA EntityManagerFactory for persistence unit 'default'
2026-02-06T21:58:47.297+05:30  INFO 22306 --- [pi-system] [           main] o.s.d.j.r.query.QueryEnhancerFactory     : Hibernate is in classpath; If applicable, HQL parser will be used.
2026-02-06T21:58:48.507+05:30  INFO 22306 --- [pi-system] [           main] eAuthenticationProviderManagerConfigurer : Global AuthenticationManager configured with AuthenticationProvider bean with name authenticationProvider
2026-02-06T21:58:48.508+05:30  WARN 22306 --- [pi-system] [           main] r$InitializeUserDetailsManagerConfigurer : Global AuthenticationManager configured with an AuthenticationProvider bean. UserDetailsService beans will not be used by Spring Security for automatically configuring username/password login. Consider removing the AuthenticationProvider bean. Alternatively, consider using the UserDetailsService in a manually instantiated DaoAuthenticationProvider. If the current configuration is intentional, to turn off this warning, increase the logging level of 'org.springframework.security.config.annotation.authentication.configuration.InitializeUserDetailsBeanManagerConfigurer' to ERROR
2026-02-06T21:58:48.519+05:30  INFO 22306 --- [pi-system] [           main] c.auth.security.GoogleSecretsValidator   : Google OAuth2 configuration detected and validated successfully
2026-02-06T21:58:48.857+05:30  INFO 22306 --- [pi-system] [           main] c.common.features.FeatureConfigService   : Initializing feature configurations...
2026-02-06T21:58:48.910+05:30 DEBUG 22306 --- [pi-system] [           main] org.hibernate.SQL                        : 
    select
        fc1_0.id 
    from
        feature_config fc1_0 
    where
        fc1_0.feature_flag=? 
    limit
        ?
2026-02-06T21:58:48.927+05:30 DEBUG 22306 --- [pi-system] [           main] org.hibernate.SQL                        : 
    select
        fc1_0.id 
    from
        feature_config fc1_0 
    where
        fc1_0.feature_flag=? 
    limit
        ?
2026-02-06T21:58:48.928+05:30 DEBUG 22306 --- [pi-system] [           main] org.hibernate.SQL                        : 
    select
        fc1_0.id 
    from
        feature_config fc1_0 
    where
        fc1_0.feature_flag=? 
    limit
        ?
2026-02-06T21:58:48.929+05:30 DEBUG 22306 --- [pi-system] [           main] org.hibernate.SQL                        : 
    select
        fc1_0.id 
    from
        feature_config fc1_0 
    where
        fc1_0.feature_flag=? 
    limit
        ?
2026-02-06T21:58:48.930+05:30 DEBUG 22306 --- [pi-system] [           main] org.hibernate.SQL                        : 
    select
        fc1_0.id 
    from
        feature_config fc1_0 
    where
        fc1_0.feature_flag=? 
    limit
        ?
2026-02-06T21:58:48.930+05:30 DEBUG 22306 --- [pi-system] [           main] org.hibernate.SQL                        : 
    select
        fc1_0.id 
    from
        feature_config fc1_0 
    where
        fc1_0.feature_flag=? 
    limit
        ?
2026-02-06T21:58:48.931+05:30 DEBUG 22306 --- [pi-system] [           main] org.hibernate.SQL                        : 
    select
        fc1_0.id 
    from
        feature_config fc1_0 
    where
        fc1_0.feature_flag=? 
    limit
        ?
2026-02-06T21:58:48.932+05:30  INFO 22306 --- [pi-system] [           main] c.common.features.FeatureConfigService   : Feature configuration initialization complete
2026-02-06T21:58:50.620+05:30  WARN 22306 --- [pi-system] [           main] JpaBaseConfiguration$JpaWebConfiguration : spring.jpa.open-in-view is enabled by default. Therefore, database queries may be performed during view rendering. Explicitly configure spring.jpa.open-in-view to disable this warning
2026-02-06T21:58:50.752+05:30  INFO 22306 --- [pi-system] [           main] o.s.b.a.w.s.WelcomePageHandlerMapping    : Adding welcome page: class path resource [static/index.html]
2026-02-06T21:58:50.914+05:30  INFO 22306 --- [pi-system] [           main] com.common.config.WebConfig              : Configuring report resource handler at path: file:/Users/adarshgs/Documents/Stocks/App/pi-system/build/reports/tests/test/
2026-02-06T21:58:51.156+05:30  INFO 22306 --- [pi-system] [           main] o.s.b.a.e.web.EndpointLinksResolver      : Exposing 1 endpoint beneath base path '/actuator'
2026-02-06T21:58:52.195+05:30  INFO 22306 --- [pi-system] [           main] o.s.m.s.b.SimpleBrokerMessageHandler     : Starting...
2026-02-06T21:58:52.195+05:30  INFO 22306 --- [pi-system] [           main] o.s.m.s.b.SimpleBrokerMessageHandler     : BrokerAvailabilityEvent[available=true, SimpleBrokerMessageHandler [org.springframework.messaging.simp.broker.DefaultSubscriptionRegistry@738118e5]]
2026-02-06T21:58:52.195+05:30  INFO 22306 --- [pi-system] [           main] o.s.m.s.b.SimpleBrokerMessageHandler     : Started.
2026-02-06T21:58:52.201+05:30  INFO 22306 --- [pi-system] [           main] o.s.m.s.b.SimpleBrokerMessageHandler     : Stopping...
2026-02-06T21:58:52.201+05:30  INFO 22306 --- [pi-system] [           main] o.s.m.s.b.SimpleBrokerMessageHandler     : BrokerAvailabilityEvent[available=false, SimpleBrokerMessageHandler [org.springframework.messaging.simp.broker.DefaultSubscriptionRegistry@738118e5]]
2026-02-06T21:58:52.201+05:30  INFO 22306 --- [pi-system] [           main] o.s.m.s.b.SimpleBrokerMessageHandler     : Stopped.
2026-02-06T21:58:52.204+05:30  WARN 22306 --- [pi-system] [           main] ConfigServletWebServerApplicationContext : Exception encountered during context initialization - cancelling refresh attempt: org.springframework.context.ApplicationContextException: Failed to start bean 'webServerStartStop'
2026-02-06T21:58:52.221+05:30  INFO 22306 --- [pi-system] [           main] j.LocalContainerEntityManagerFactoryBean : Closing JPA EntityManagerFactory for persistence unit 'default'
2026-02-06T21:58:52.222+05:30  INFO 22306 --- [pi-system] [           main] com.zaxxer.hikari.HikariDataSource       : HikariPool-1 - Shutdown initiated...
2026-02-06T21:58:52.226+05:30  INFO 22306 --- [pi-system] [           main] com.zaxxer.hikari.HikariDataSource       : HikariPool-1 - Shutdown completed.
2026-02-06T21:58:52.244+05:30  INFO 22306 --- [pi-system] [           main] .s.b.a.l.ConditionEvaluationReportLogger : 

Error starting ApplicationContext. To display the condition evaluation report re-run your application with 'debug' enabled.
2026-02-06T21:58:52.253+05:30 ERROR 22306 --- [pi-system] [           main] o.s.b.d.LoggingFailureAnalysisReporter   : 

***************************
APPLICATION FAILED TO START
***************************

Description:

Web server failed to start. Port 8082 was already in use.

Action:

Identify and stop the process that's listening on port 8082 or configure this application to listen on another port.


> Task :bootRun FAILED

[Incubating] Problems report is available at: file:///Users/adarshgs/Documents/Stocks/App/pi-system/build/reports/problems/problems-report.html

FAILURE: Build failed with an exception.

* What went wrong:
Execution failed for task ':bootRun'.
> Process 'command '/opt/homebrew/Cellar/openjdk@17/17.0.17/libexec/openjdk.jdk/Contents/Home/bin/java'' finished with non-zero exit value 1

* Try:
> Run with --stacktrace option to get the stack trace.
> Run with --info or --debug option to get more log output.
> Run with --scan to generate a Build Scan (powered by Develocity).
> Get more help at https://help.gradle.org.

Deprecated Gradle features were used in this build, making it incompatible with Gradle 10.

You can use '--warning-mode all' to show the individual deprecation warnings and determine if they come from your own scripts or plugins.

For more on this, please refer to https://docs.gradle.org/9.2.1/userguide/command_line_interface.html#sec:command_line_warnings in the Gradle documentation.

BUILD FAILED in 28s
4 actionable tasks: 4 executed
