> Task :compileJava UP-TO-DATE
> Task :processResources UP-TO-DATE
> Task :classes UP-TO-DATE
> Task :resolveMainClassName
Timed out waiting for finished message from client socket connection from /127.0.0.1:51820 to /127.0.0.1:52775. Discarding connection.

> Task :bootRun
Standard Commons Logging discovery in action with spring-jcl: please remove commons-logging.jar from classpath in order to avoid potential conflicts

  .   ____          _            __ _ _
 /\\ / ___'_ __ _ _(_)_ __  __ _ \ \ \ \
( ( )\___ | '_ | '_| | '_ \/ _` | \ \ \ \
 \\/  ___)| |_)| | | | | || (_| |  ) ) ) )
  '  |____| .__|_| |_|_| |_\__, | / / / /
 =========|_|==============|___/=/_/_/_/

 :: Spring Boot ::                (v3.4.0)

2026-02-01T19:21:57.214+05:30  INFO 12305 --- [pi-system] [           main] com.main.Application                     : Starting Application using Java 17.0.17 with PID 12305 (/Users/adarshgs/Documents/Stocks/App/pi-system/build/classes/java/main started by adarshgs in /Users/adarshgs/Documents/Stocks/App/pi-system)
2026-02-01T19:21:57.215+05:30  INFO 12305 --- [pi-system] [           main] com.main.Application                     : The following 1 profile is active: "dev"
2026-02-01T19:21:58.497+05:30  INFO 12305 --- [pi-system] [           main] .s.d.r.c.RepositoryConfigurationDelegate : Multiple Spring Data modules found, entering strict repository configuration mode
2026-02-01T19:21:58.497+05:30  INFO 12305 --- [pi-system] [           main] .s.d.r.c.RepositoryConfigurationDelegate : Bootstrapping Spring Data JPA repositories in DEFAULT mode.
2026-02-01T19:21:59.096+05:30  INFO 12305 --- [pi-system] [           main] .s.d.r.c.RepositoryConfigurationDelegate : Finished Spring Data repository scanning in 593 ms. Found 39 JPA repository interfaces.
2026-02-01T19:21:59.309+05:30  INFO 12305 --- [pi-system] [           main] .s.d.r.c.RepositoryConfigurationDelegate : Multiple Spring Data modules found, entering strict repository configuration mode
2026-02-01T19:21:59.310+05:30  INFO 12305 --- [pi-system] [           main] .s.d.r.c.RepositoryConfigurationDelegate : Bootstrapping Spring Data Redis repositories in DEFAULT mode.
2026-02-01T19:21:59.316+05:30  INFO 12305 --- [pi-system] [           main] .s.d.r.c.RepositoryConfigurationDelegate : Finished Spring Data repository scanning in 1 ms. Found 0 Redis repository interfaces.
2026-02-01T19:21:59.966+05:30  INFO 12305 --- [pi-system] [           main] o.s.b.w.embedded.tomcat.TomcatWebServer  : Tomcat initialized with port 8082 (http)
2026-02-01T19:21:59.974+05:30  INFO 12305 --- [pi-system] [           main] o.apache.catalina.core.StandardService   : Starting service [Tomcat]
2026-02-01T19:21:59.974+05:30  INFO 12305 --- [pi-system] [           main] o.apache.catalina.core.StandardEngine    : Starting Servlet engine: [Apache Tomcat/10.1.33]
2026-02-01T19:22:00.022+05:30  INFO 12305 --- [pi-system] [           main] o.a.c.c.C.[Tomcat].[localhost].[/]       : Initializing Spring embedded WebApplicationContext
2026-02-01T19:22:00.022+05:30  INFO 12305 --- [pi-system] [           main] w.s.c.ServletWebServerApplicationContext : Root WebApplicationContext: initialization completed in 2781 ms
Standard Commons Logging discovery in action with spring-jcl: please remove commons-logging.jar from classpath in order to avoid potential conflicts
2026-02-01T19:22:00.163+05:30  INFO 12305 --- [pi-system] [           main] com.main.FlywayConfig                    : Initiating Premium Flyway Validation Pre-check...
2026-02-01T19:22:00.170+05:30  INFO 12305 --- [pi-system] [           main] com.zaxxer.hikari.HikariDataSource       : HikariPool-1 - Starting...
2026-02-01T19:22:00.253+05:30  INFO 12305 --- [pi-system] [           main] com.zaxxer.hikari.pool.HikariPool        : HikariPool-1 - Added connection com.mysql.cj.jdbc.ConnectionImpl@7cd239f6
2026-02-01T19:22:00.254+05:30  INFO 12305 --- [pi-system] [           main] com.zaxxer.hikari.HikariDataSource       : HikariPool-1 - Start completed.
2026-02-01T19:22:00.278+05:30  INFO 12305 --- [pi-system] [           main] org.flywaydb.core.FlywayExecutor         : Database: jdbc:mysql://localhost:3306/pi-system?useSSL=false&serverTimezone=UTC&allowPublicKeyRetrieval=true (MySQL 8.0)
2026-02-01T19:22:00.371+05:30  INFO 12305 --- [pi-system] [           main] o.f.core.internal.command.DbValidate     : Successfully validated 34 migrations (execution time 00:00.073s)
2026-02-01T19:22:00.377+05:30  INFO 12305 --- [pi-system] [           main] com.main.FlywayConfig                    : Flyway validation successful. All migrations are consistent.
2026-02-01T19:22:00.444+05:30  INFO 12305 --- [pi-system] [           main] o.f.core.internal.command.DbValidate     : Successfully validated 34 migrations (execution time 00:00.054s)
2026-02-01T19:22:00.455+05:30  INFO 12305 --- [pi-system] [           main] o.f.core.internal.command.DbMigrate      : Current version of schema `pi-system`: 34
2026-02-01T19:22:00.457+05:30  INFO 12305 --- [pi-system] [           main] o.f.core.internal.command.DbMigrate      : Schema `pi-system` is up to date. No migration necessary.
2026-02-01T19:22:00.552+05:30  INFO 12305 --- [pi-system] [           main] o.hibernate.jpa.internal.util.LogHelper  : HHH000204: Processing PersistenceUnitInfo [name: default]
2026-02-01T19:22:00.581+05:30  INFO 12305 --- [pi-system] [           main] org.hibernate.Version                    : HHH000412: Hibernate ORM core version 6.6.2.Final
2026-02-01T19:22:00.597+05:30  INFO 12305 --- [pi-system] [           main] o.h.c.internal.RegionFactoryInitiator    : HHH000026: Second-level cache disabled
2026-02-01T19:22:00.742+05:30  INFO 12305 --- [pi-system] [           main] o.s.o.j.p.SpringPersistenceUnitInfo      : No LoadTimeWeaver setup: ignoring JPA class transformer
2026-02-01T19:22:00.802+05:30  INFO 12305 --- [pi-system] [           main] org.hibernate.orm.connections.pooling    : HHH10001005: Database info:
	Database JDBC URL [Connecting through datasource 'HikariDataSource (HikariPool-1)']
	Database driver: undefined/unknown
	Database version: 8.0.40
	Autocommit mode: undefined/unknown
	Isolation level: undefined/unknown
	Minimum pool size: undefined/unknown
	Maximum pool size: undefined/unknown
2026-02-01T19:22:01.663+05:30  INFO 12305 --- [pi-system] [           main] o.h.e.t.j.p.i.JtaPlatformInitiator       : HHH000489: No JTA platform available (set 'hibernate.transaction.jta.platform' to enable JTA platform integration)
2026-02-01T19:22:01.664+05:30  INFO 12305 --- [pi-system] [           main] j.LocalContainerEntityManagerFactoryBean : Initialized JPA EntityManagerFactory for persistence unit 'default'
2026-02-01T19:22:02.200+05:30  INFO 12305 --- [pi-system] [           main] o.s.d.j.r.query.QueryEnhancerFactory     : Hibernate is in classpath; If applicable, HQL parser will be used.
2026-02-01T19:22:02.415+05:30  INFO 12305 --- [pi-system] [           main] eAuthenticationProviderManagerConfigurer : Global AuthenticationManager configured with AuthenticationProvider bean with name authenticationProvider
2026-02-01T19:22:02.416+05:30  WARN 12305 --- [pi-system] [           main] r$InitializeUserDetailsManagerConfigurer : Global AuthenticationManager configured with an AuthenticationProvider bean. UserDetailsService beans will not be used by Spring Security for automatically configuring username/password login. Consider removing the AuthenticationProvider bean. Alternatively, consider using the UserDetailsService in a manually instantiated DaoAuthenticationProvider. If the current configuration is intentional, to turn off this warning, increase the logging level of 'org.springframework.security.config.annotation.authentication.configuration.InitializeUserDetailsBeanManagerConfigurer' to ERROR
2026-02-01T19:22:02.423+05:30  INFO 12305 --- [pi-system] [           main] c.auth.security.GoogleSecretsValidator   : Google OAuth2 configuration detected and validated successfully
2026-02-01T19:22:03.092+05:30  INFO 12305 --- [pi-system] [           main] c.common.features.FeatureConfigService   : Initializing feature configurations...
2026-02-01T19:22:03.146+05:30 DEBUG 12305 --- [pi-system] [           main] org.hibernate.SQL                        : 
    select
        fc1_0.id 
    from
        feature_config fc1_0 
    where
        fc1_0.feature_flag=? 
    limit
        ?
2026-02-01T19:22:03.156+05:30 DEBUG 12305 --- [pi-system] [           main] org.hibernate.SQL                        : 
    select
        fc1_0.id 
    from
        feature_config fc1_0 
    where
        fc1_0.feature_flag=? 
    limit
        ?
2026-02-01T19:22:03.157+05:30 DEBUG 12305 --- [pi-system] [           main] org.hibernate.SQL                        : 
    select
        fc1_0.id 
    from
        feature_config fc1_0 
    where
        fc1_0.feature_flag=? 
    limit
        ?
2026-02-01T19:22:03.158+05:30 DEBUG 12305 --- [pi-system] [           main] org.hibernate.SQL                        : 
    select
        fc1_0.id 
    from
        feature_config fc1_0 
    where
        fc1_0.feature_flag=? 
    limit
        ?
2026-02-01T19:22:03.159+05:30 DEBUG 12305 --- [pi-system] [           main] org.hibernate.SQL                        : 
    select
        fc1_0.id 
    from
        feature_config fc1_0 
    where
        fc1_0.feature_flag=? 
    limit
        ?
2026-02-01T19:22:03.160+05:30 DEBUG 12305 --- [pi-system] [           main] org.hibernate.SQL                        : 
    select
        fc1_0.id 
    from
        feature_config fc1_0 
    where
        fc1_0.feature_flag=? 
    limit
        ?
2026-02-01T19:22:03.161+05:30 DEBUG 12305 --- [pi-system] [           main] org.hibernate.SQL                        : 
    select
        fc1_0.id 
    from
        feature_config fc1_0 
    where
        fc1_0.feature_flag=? 
    limit
        ?
2026-02-01T19:22:03.162+05:30 DEBUG 12305 --- [pi-system] [           main] org.hibernate.SQL                        : 
    select
        fc1_0.id 
    from
        feature_config fc1_0 
    where
        fc1_0.feature_flag=? 
    limit
        ?
2026-02-01T19:22:03.163+05:30 DEBUG 12305 --- [pi-system] [           main] org.hibernate.SQL                        : 
    select
        fc1_0.id 
    from
        feature_config fc1_0 
    where
        fc1_0.feature_flag=? 
    limit
        ?
2026-02-01T19:22:03.164+05:30 DEBUG 12305 --- [pi-system] [           main] org.hibernate.SQL                        : 
    select
        fc1_0.id 
    from
        feature_config fc1_0 
    where
        fc1_0.feature_flag=? 
    limit
        ?
2026-02-01T19:22:03.166+05:30 DEBUG 12305 --- [pi-system] [           main] org.hibernate.SQL                        : 
    select
        fc1_0.id 
    from
        feature_config fc1_0 
    where
        fc1_0.feature_flag=? 
    limit
        ?
2026-02-01T19:22:03.167+05:30 DEBUG 12305 --- [pi-system] [           main] org.hibernate.SQL                        : 
    select
        fc1_0.id 
    from
        feature_config fc1_0 
    where
        fc1_0.feature_flag=? 
    limit
        ?
2026-02-01T19:22:03.168+05:30 DEBUG 12305 --- [pi-system] [           main] org.hibernate.SQL                        : 
    select
        fc1_0.id 
    from
        feature_config fc1_0 
    where
        fc1_0.feature_flag=? 
    limit
        ?
2026-02-01T19:22:03.169+05:30 DEBUG 12305 --- [pi-system] [           main] org.hibernate.SQL                        : 
    select
        fc1_0.id 
    from
        feature_config fc1_0 
    where
        fc1_0.feature_flag=? 
    limit
        ?
2026-02-01T19:22:03.170+05:30 DEBUG 12305 --- [pi-system] [           main] org.hibernate.SQL                        : 
    select
        fc1_0.id 
    from
        feature_config fc1_0 
    where
        fc1_0.feature_flag=? 
    limit
        ?
2026-02-01T19:22:03.171+05:30 DEBUG 12305 --- [pi-system] [           main] org.hibernate.SQL                        : 
    select
        fc1_0.id 
    from
        feature_config fc1_0 
    where
        fc1_0.feature_flag=? 
    limit
        ?
2026-02-01T19:22:03.173+05:30 DEBUG 12305 --- [pi-system] [           main] org.hibernate.SQL                        : 
    select
        fc1_0.id 
    from
        feature_config fc1_0 
    where
        fc1_0.feature_flag=? 
    limit
        ?
2026-02-01T19:22:03.174+05:30 DEBUG 12305 --- [pi-system] [           main] org.hibernate.SQL                        : 
    select
        fc1_0.id 
    from
        feature_config fc1_0 
    where
        fc1_0.feature_flag=? 
    limit
        ?
2026-02-01T19:22:03.175+05:30 DEBUG 12305 --- [pi-system] [           main] org.hibernate.SQL                        : 
    select
        fc1_0.id 
    from
        feature_config fc1_0 
    where
        fc1_0.feature_flag=? 
    limit
        ?
2026-02-01T19:22:03.176+05:30 DEBUG 12305 --- [pi-system] [           main] org.hibernate.SQL                        : 
    select
        fc1_0.id 
    from
        feature_config fc1_0 
    where
        fc1_0.feature_flag=? 
    limit
        ?
2026-02-01T19:22:03.177+05:30 DEBUG 12305 --- [pi-system] [           main] org.hibernate.SQL                        : 
    select
        fc1_0.id 
    from
        feature_config fc1_0 
    where
        fc1_0.feature_flag=? 
    limit
        ?
2026-02-01T19:22:03.178+05:30 DEBUG 12305 --- [pi-system] [           main] org.hibernate.SQL                        : 
    select
        fc1_0.id 
    from
        feature_config fc1_0 
    where
        fc1_0.feature_flag=? 
    limit
        ?
2026-02-01T19:22:03.178+05:30 DEBUG 12305 --- [pi-system] [           main] org.hibernate.SQL                        : 
    select
        fc1_0.id 
    from
        feature_config fc1_0 
    where
        fc1_0.feature_flag=? 
    limit
        ?
2026-02-01T19:22:03.179+05:30 DEBUG 12305 --- [pi-system] [           main] org.hibernate.SQL                        : 
    select
        fc1_0.id 
    from
        feature_config fc1_0 
    where
        fc1_0.feature_flag=? 
    limit
        ?
2026-02-01T19:22:03.180+05:30 DEBUG 12305 --- [pi-system] [           main] org.hibernate.SQL                        : 
    select
        fc1_0.id 
    from
        feature_config fc1_0 
    where
        fc1_0.feature_flag=? 
    limit
        ?
2026-02-01T19:22:03.181+05:30 DEBUG 12305 --- [pi-system] [           main] org.hibernate.SQL                        : 
    select
        fc1_0.id 
    from
        feature_config fc1_0 
    where
        fc1_0.feature_flag=? 
    limit
        ?
2026-02-01T19:22:03.182+05:30 DEBUG 12305 --- [pi-system] [           main] org.hibernate.SQL                        : 
    select
        fc1_0.id 
    from
        feature_config fc1_0 
    where
        fc1_0.feature_flag=? 
    limit
        ?
2026-02-01T19:22:03.183+05:30 DEBUG 12305 --- [pi-system] [           main] org.hibernate.SQL                        : 
    select
        fc1_0.id 
    from
        feature_config fc1_0 
    where
        fc1_0.feature_flag=? 
    limit
        ?
2026-02-01T19:22:03.184+05:30 DEBUG 12305 --- [pi-system] [           main] org.hibernate.SQL                        : 
    select
        fc1_0.id 
    from
        feature_config fc1_0 
    where
        fc1_0.feature_flag=? 
    limit
        ?
2026-02-01T19:22:03.185+05:30 DEBUG 12305 --- [pi-system] [           main] org.hibernate.SQL                        : 
    select
        fc1_0.id 
    from
        feature_config fc1_0 
    where
        fc1_0.feature_flag=? 
    limit
        ?
2026-02-01T19:22:03.186+05:30 DEBUG 12305 --- [pi-system] [           main] org.hibernate.SQL                        : 
    select
        fc1_0.id 
    from
        feature_config fc1_0 
    where
        fc1_0.feature_flag=? 
    limit
        ?
2026-02-01T19:22:03.187+05:30 DEBUG 12305 --- [pi-system] [           main] org.hibernate.SQL                        : 
    select
        fc1_0.id 
    from
        feature_config fc1_0 
    where
        fc1_0.feature_flag=? 
    limit
        ?
2026-02-01T19:22:03.189+05:30 DEBUG 12305 --- [pi-system] [           main] org.hibernate.SQL                        : 
    select
        fc1_0.id 
    from
        feature_config fc1_0 
    where
        fc1_0.feature_flag=? 
    limit
        ?
2026-02-01T19:22:03.190+05:30 DEBUG 12305 --- [pi-system] [           main] org.hibernate.SQL                        : 
    select
        fc1_0.id 
    from
        feature_config fc1_0 
    where
        fc1_0.feature_flag=? 
    limit
        ?
2026-02-01T19:22:03.192+05:30 DEBUG 12305 --- [pi-system] [           main] org.hibernate.SQL                        : 
    select
        fc1_0.id 
    from
        feature_config fc1_0 
    where
        fc1_0.feature_flag=? 
    limit
        ?
2026-02-01T19:22:03.192+05:30 DEBUG 12305 --- [pi-system] [           main] org.hibernate.SQL                        : 
    select
        fc1_0.id 
    from
        feature_config fc1_0 
    where
        fc1_0.feature_flag=? 
    limit
        ?
2026-02-01T19:22:03.193+05:30 DEBUG 12305 --- [pi-system] [           main] org.hibernate.SQL                        : 
    select
        fc1_0.id 
    from
        feature_config fc1_0 
    where
        fc1_0.feature_flag=? 
    limit
        ?
2026-02-01T19:22:03.194+05:30 DEBUG 12305 --- [pi-system] [           main] org.hibernate.SQL                        : 
    select
        fc1_0.id 
    from
        feature_config fc1_0 
    where
        fc1_0.feature_flag=? 
    limit
        ?
2026-02-01T19:22:03.195+05:30 DEBUG 12305 --- [pi-system] [           main] org.hibernate.SQL                        : 
    select
        fc1_0.id 
    from
        feature_config fc1_0 
    where
        fc1_0.feature_flag=? 
    limit
        ?
2026-02-01T19:22:03.195+05:30 DEBUG 12305 --- [pi-system] [           main] org.hibernate.SQL                        : 
    select
        fc1_0.id 
    from
        feature_config fc1_0 
    where
        fc1_0.feature_flag=? 
    limit
        ?
2026-02-01T19:22:03.196+05:30 DEBUG 12305 --- [pi-system] [           main] org.hibernate.SQL                        : 
    select
        fc1_0.id 
    from
        feature_config fc1_0 
    where
        fc1_0.feature_flag=? 
    limit
        ?
2026-02-01T19:22:03.197+05:30  INFO 12305 --- [pi-system] [           main] c.common.features.FeatureConfigService   : Feature configuration initialization complete
2026-02-01T19:22:03.960+05:30  WARN 12305 --- [pi-system] [           main] JpaBaseConfiguration$JpaWebConfiguration : spring.jpa.open-in-view is enabled by default. Therefore, database queries may be performed during view rendering. Explicitly configure spring.jpa.open-in-view to disable this warning
2026-02-01T19:22:04.024+05:30  INFO 12305 --- [pi-system] [           main] o.s.b.a.w.s.WelcomePageHandlerMapping    : Adding welcome page: class path resource [static/index.html]
2026-02-01T19:22:04.147+05:30  INFO 12305 --- [pi-system] [           main] com.common.config.WebConfig              : Configuring report resource handler at path: file:/Users/adarshgs/Documents/Stocks/App/pi-system/build/reports/tests/test/
2026-02-01T19:22:04.843+05:30  INFO 12305 --- [pi-system] [           main] o.s.b.w.embedded.tomcat.TomcatWebServer  : Tomcat started on port 8082 (http) with context path '/'
2026-02-01T19:22:04.853+05:30  INFO 12305 --- [pi-system] [           main] com.main.Application                     : Started Application in 7.892 seconds (process running for 8.1)
2026-02-01T19:22:25.021+05:30  INFO 12305 --- [pi-system] [nio-8082-exec-1] o.a.c.c.C.[Tomcat].[localhost].[/]       : Initializing Spring DispatcherServlet 'dispatcherServlet'
2026-02-01T19:22:25.021+05:30  INFO 12305 --- [pi-system] [nio-8082-exec-1] o.s.web.servlet.DispatcherServlet        : Initializing Servlet 'dispatcherServlet'
2026-02-01T19:22:25.026+05:30  INFO 12305 --- [pi-system] [nio-8082-exec-1] o.s.web.servlet.DispatcherServlet        : Completed initialization in 5 ms
2026-02-01T19:22:25.138+05:30 DEBUG 12305 --- [pi-system] [nio-8082-exec-1] org.hibernate.SQL                        : 
    select
        u1_0.id,
        u1_0.email,
        u1_0.mobile_no,
        u1_0.name,
        u1_0.password 
    from
        users u1_0 
    where
        u1_0.email=?
2026-02-01T19:22:25.155+05:30 DEBUG 12305 --- [pi-system] [nio-8082-exec-1] org.hibernate.SQL                        : 
    select
        r1_0.user_id,
        r1_1.id,
        r1_1.name 
    from
        user_roles r1_0 
    join
        roles r1_1 
            on r1_1.id=r1_0.role_id 
    where
        r1_0.user_id=?
2026-02-01T19:22:25.396+05:30  WARN 12305 --- [pi-system] [nio-8082-exec-1] com.common.features.FeatureCheckAspect   : Feature not enabled: BUDGET_MODULE for method: getReport
2026-02-01T19:22:25.397+05:30  WARN 12305 --- [pi-system] [nio-8082-exec-1] c.c.features.FeatureExceptionHandler     : Feature not enabled: Feature 'Budget Module' is not enabled
2026-02-01T19:22:25.426+05:30 DEBUG 12305 --- [pi-system] [nio-8082-exec-1] org.hibernate.SQL                        : 
    insert 
    into
        request_audit
        (ip_address, method, query_params, status_code, time_taken_ms, timestamp, uri, user_agent, user_id) 
    values
        (?, ?, ?, ?, ?, ?, ?, ?, ?)
2026-02-01T19:24:14.194+05:30 DEBUG 12305 --- [pi-system] [nio-8082-exec-3] org.hibernate.SQL                        : 
    select
        u1_0.id,
        u1_0.email,
        u1_0.mobile_no,
        u1_0.name,
        u1_0.password 
    from
        users u1_0 
    where
        u1_0.email=?
2026-02-01T19:24:14.200+05:30 DEBUG 12305 --- [pi-system] [nio-8082-exec-3] org.hibernate.SQL                        : 
    select
        r1_0.user_id,
        r1_1.id,
        r1_1.name 
    from
        user_roles r1_0 
    join
        roles r1_1 
            on r1_1.id=r1_0.role_id 
    where
        r1_0.user_id=?
2026-02-01T19:24:14.213+05:30 DEBUG 12305 --- [pi-system] [nio-8082-exec-3] org.hibernate.SQL                        : 
    select
        fc1_0.id,
        fc1_0.beta_feature,
        fc1_0.category,
        fc1_0.created_at,
        fc1_0.description,
        fc1_0.disabled_since,
        fc1_0.enabled,
        fc1_0.enabled_for_all,
        fc1_0.enabled_since,
        fc1_0.feature_flag,
        fc1_0.min_subscription_tier,
        fc1_0.requires_subscription,
        fc1_0.updated_at 
    from
        feature_config fc1_0 
    where
        fc1_0.feature_flag=?
2026-02-01T19:24:14.229+05:30  WARN 12305 --- [pi-system] [nio-8082-exec-3] com.common.features.FeatureCheckAspect   : Feature not enabled: BUDGET_MODULE for method: getAllBudgets
2026-02-01T19:24:14.232+05:30  WARN 12305 --- [pi-system] [nio-8082-exec-3] c.c.features.FeatureExceptionHandler     : Feature not enabled: Feature 'Budget Module' is not enabled
2026-02-01T19:24:14.237+05:30 DEBUG 12305 --- [pi-system] [nio-8082-exec-3] org.hibernate.SQL                        : 
    insert 
    into
        request_audit
        (ip_address, method, query_params, status_code, time_taken_ms, timestamp, uri, user_agent, user_id) 
    values
        (?, ?, ?, ?, ?, ?, ?, ?, ?)
2026-02-01T19:26:51.614+05:30 DEBUG 12305 --- [pi-system] [nio-8082-exec-6] org.hibernate.SQL                        : 
    select
        u1_0.id,
        u1_0.email,
        u1_0.mobile_no,
        u1_0.name,
        u1_0.password 
    from
        users u1_0 
    where
        u1_0.email=?
2026-02-01T19:26:51.622+05:30 DEBUG 12305 --- [pi-system] [nio-8082-exec-6] org.hibernate.SQL                        : 
    select
        r1_0.user_id,
        r1_1.id,
        r1_1.name 
    from
        user_roles r1_0 
    join
        roles r1_1 
            on r1_1.id=r1_0.role_id 
    where
        r1_0.user_id=?
2026-02-01T19:26:51.637+05:30 DEBUG 12305 --- [pi-system] [nio-8082-exec-6] org.hibernate.SQL                        : 
    select
        fc1_0.id,
        fc1_0.beta_feature,
        fc1_0.category,
        fc1_0.created_at,
        fc1_0.description,
        fc1_0.disabled_since,
        fc1_0.enabled,
        fc1_0.enabled_for_all,
        fc1_0.enabled_since,
        fc1_0.feature_flag,
        fc1_0.min_subscription_tier,
        fc1_0.requires_subscription,
        fc1_0.updated_at 
    from
        feature_config fc1_0 
    where
        fc1_0.feature_flag=?
2026-02-01T19:26:51.640+05:30 DEBUG 12305 --- [pi-system] [nio-8082-exec-6] org.hibernate.SQL                        : 
    select
        fc1_0.id,
        fc1_0.beta_feature,
        fc1_0.category,
        fc1_0.created_at,
        fc1_0.description,
        fc1_0.disabled_since,
        fc1_0.enabled,
        fc1_0.enabled_for_all,
        fc1_0.enabled_since,
        fc1_0.feature_flag,
        fc1_0.min_subscription_tier,
        fc1_0.requires_subscription,
        fc1_0.updated_at 
    from
        feature_config fc1_0 
    where
        fc1_0.feature_flag=?
2026-02-01T19:26:51.643+05:30 DEBUG 12305 --- [pi-system] [nio-8082-exec-6] org.hibernate.SQL                        : 
    select
        fc1_0.id,
        fc1_0.beta_feature,
        fc1_0.category,
        fc1_0.created_at,
        fc1_0.description,
        fc1_0.disabled_since,
        fc1_0.enabled,
        fc1_0.enabled_for_all,
        fc1_0.enabled_since,
        fc1_0.feature_flag,
        fc1_0.min_subscription_tier,
        fc1_0.requires_subscription,
        fc1_0.updated_at 
    from
        feature_config fc1_0 
    where
        fc1_0.feature_flag=?
2026-02-01T19:26:51.644+05:30 DEBUG 12305 --- [pi-system] [nio-8082-exec-6] org.hibernate.SQL                        : 
    select
        fc1_0.id,
        fc1_0.beta_feature,
        fc1_0.category,
        fc1_0.created_at,
        fc1_0.description,
        fc1_0.disabled_since,
        fc1_0.enabled,
        fc1_0.enabled_for_all,
        fc1_0.enabled_since,
        fc1_0.feature_flag,
        fc1_0.min_subscription_tier,
        fc1_0.requires_subscription,
        fc1_0.updated_at 
    from
        feature_config fc1_0 
    where
        fc1_0.feature_flag=?
2026-02-01T19:26:51.646+05:30 DEBUG 12305 --- [pi-system] [nio-8082-exec-6] org.hibernate.SQL                        : 
    select
        fc1_0.id,
        fc1_0.beta_feature,
        fc1_0.category,
        fc1_0.created_at,
        fc1_0.description,
        fc1_0.disabled_since,
        fc1_0.enabled,
        fc1_0.enabled_for_all,
        fc1_0.enabled_since,
        fc1_0.feature_flag,
        fc1_0.min_subscription_tier,
        fc1_0.requires_subscription,
        fc1_0.updated_at 
    from
        feature_config fc1_0 
    where
        fc1_0.feature_flag=?
2026-02-01T19:26:51.647+05:30 DEBUG 12305 --- [pi-system] [nio-8082-exec-6] org.hibernate.SQL                        : 
    select
        fc1_0.id,
        fc1_0.beta_feature,
        fc1_0.category,
        fc1_0.created_at,
        fc1_0.description,
        fc1_0.disabled_since,
        fc1_0.enabled,
        fc1_0.enabled_for_all,
        fc1_0.enabled_since,
        fc1_0.feature_flag,
        fc1_0.min_subscription_tier,
        fc1_0.requires_subscription,
        fc1_0.updated_at 
    from
        feature_config fc1_0 
    where
        fc1_0.feature_flag=?
2026-02-01T19:26:51.648+05:30 DEBUG 12305 --- [pi-system] [nio-8082-exec-6] org.hibernate.SQL                        : 
    select
        fc1_0.id,
        fc1_0.beta_feature,
        fc1_0.category,
        fc1_0.created_at,
        fc1_0.description,
        fc1_0.disabled_since,
        fc1_0.enabled,
        fc1_0.enabled_for_all,
        fc1_0.enabled_since,
        fc1_0.feature_flag,
        fc1_0.min_subscription_tier,
        fc1_0.requires_subscription,
        fc1_0.updated_at 
    from
        feature_config fc1_0 
    where
        fc1_0.feature_flag=?
2026-02-01T19:26:51.650+05:30 DEBUG 12305 --- [pi-system] [nio-8082-exec-6] org.hibernate.SQL                        : 
    select
        fc1_0.id,
        fc1_0.beta_feature,
        fc1_0.category,
        fc1_0.created_at,
        fc1_0.description,
        fc1_0.disabled_since,
        fc1_0.enabled,
        fc1_0.enabled_for_all,
        fc1_0.enabled_since,
        fc1_0.feature_flag,
        fc1_0.min_subscription_tier,
        fc1_0.requires_subscription,
        fc1_0.updated_at 
    from
        feature_config fc1_0 
    where
        fc1_0.feature_flag=?
2026-02-01T19:26:51.651+05:30 DEBUG 12305 --- [pi-system] [nio-8082-exec-6] org.hibernate.SQL                        : 
    select
        fc1_0.id,
        fc1_0.beta_feature,
        fc1_0.category,
        fc1_0.created_at,
        fc1_0.description,
        fc1_0.disabled_since,
        fc1_0.enabled,
        fc1_0.enabled_for_all,
        fc1_0.enabled_since,
        fc1_0.feature_flag,
        fc1_0.min_subscription_tier,
        fc1_0.requires_subscription,
        fc1_0.updated_at 
    from
        feature_config fc1_0 
    where
        fc1_0.feature_flag=?
2026-02-01T19:26:51.653+05:30 DEBUG 12305 --- [pi-system] [nio-8082-exec-6] org.hibernate.SQL                        : 
    select
        fc1_0.id,
        fc1_0.beta_feature,
        fc1_0.category,
        fc1_0.created_at,
        fc1_0.description,
        fc1_0.disabled_since,
        fc1_0.enabled,
        fc1_0.enabled_for_all,
        fc1_0.enabled_since,
        fc1_0.feature_flag,
        fc1_0.min_subscription_tier,
        fc1_0.requires_subscription,
        fc1_0.updated_at 
    from
        feature_config fc1_0 
    where
        fc1_0.feature_flag=?
2026-02-01T19:26:51.654+05:30 DEBUG 12305 --- [pi-system] [nio-8082-exec-6] org.hibernate.SQL                        : 
    select
        fc1_0.id,
        fc1_0.beta_feature,
        fc1_0.category,
        fc1_0.created_at,
        fc1_0.description,
        fc1_0.disabled_since,
        fc1_0.enabled,
        fc1_0.enabled_for_all,
        fc1_0.enabled_since,
        fc1_0.feature_flag,
        fc1_0.min_subscription_tier,
        fc1_0.requires_subscription,
        fc1_0.updated_at 
    from
        feature_config fc1_0 
    where
        fc1_0.feature_flag=?
2026-02-01T19:26:51.656+05:30 DEBUG 12305 --- [pi-system] [nio-8082-exec-6] org.hibernate.SQL                        : 
    select
        fc1_0.id,
        fc1_0.beta_feature,
        fc1_0.category,
        fc1_0.created_at,
        fc1_0.description,
        fc1_0.disabled_since,
        fc1_0.enabled,
        fc1_0.enabled_for_all,
        fc1_0.enabled_since,
        fc1_0.feature_flag,
        fc1_0.min_subscription_tier,
        fc1_0.requires_subscription,
        fc1_0.updated_at 
    from
        feature_config fc1_0 
    where
        fc1_0.feature_flag=?
2026-02-01T19:26:51.658+05:30 DEBUG 12305 --- [pi-system] [nio-8082-exec-6] org.hibernate.SQL                        : 
    select
        fc1_0.id,
        fc1_0.beta_feature,
        fc1_0.category,
        fc1_0.created_at,
        fc1_0.description,
        fc1_0.disabled_since,
        fc1_0.enabled,
        fc1_0.enabled_for_all,
        fc1_0.enabled_since,
        fc1_0.feature_flag,
        fc1_0.min_subscription_tier,
        fc1_0.requires_subscription,
        fc1_0.updated_at 
    from
        feature_config fc1_0 
    where
        fc1_0.feature_flag=?
2026-02-01T19:26:51.661+05:30 DEBUG 12305 --- [pi-system] [nio-8082-exec-6] org.hibernate.SQL                        : 
    select
        fc1_0.id,
        fc1_0.beta_feature,
        fc1_0.category,
        fc1_0.created_at,
        fc1_0.description,
        fc1_0.disabled_since,
        fc1_0.enabled,
        fc1_0.enabled_for_all,
        fc1_0.enabled_since,
        fc1_0.feature_flag,
        fc1_0.min_subscription_tier,
        fc1_0.requires_subscription,
        fc1_0.updated_at 
    from
        feature_config fc1_0 
    where
        fc1_0.feature_flag=?
2026-02-01T19:26:51.664+05:30 DEBUG 12305 --- [pi-system] [nio-8082-exec-6] org.hibernate.SQL                        : 
    select
        fc1_0.id,
        fc1_0.beta_feature,
        fc1_0.category,
        fc1_0.created_at,
        fc1_0.description,
        fc1_0.disabled_since,
        fc1_0.enabled,
        fc1_0.enabled_for_all,
        fc1_0.enabled_since,
        fc1_0.feature_flag,
        fc1_0.min_subscription_tier,
        fc1_0.requires_subscription,
        fc1_0.updated_at 
    from
        feature_config fc1_0 
    where
        fc1_0.feature_flag=?
2026-02-01T19:26:51.666+05:30 DEBUG 12305 --- [pi-system] [nio-8082-exec-6] org.hibernate.SQL                        : 
    select
        fc1_0.id,
        fc1_0.beta_feature,
        fc1_0.category,
        fc1_0.created_at,
        fc1_0.description,
        fc1_0.disabled_since,
        fc1_0.enabled,
        fc1_0.enabled_for_all,
        fc1_0.enabled_since,
        fc1_0.feature_flag,
        fc1_0.min_subscription_tier,
        fc1_0.requires_subscription,
        fc1_0.updated_at 
    from
        feature_config fc1_0 
    where
        fc1_0.feature_flag=?
2026-02-01T19:26:51.667+05:30 DEBUG 12305 --- [pi-system] [nio-8082-exec-6] org.hibernate.SQL                        : 
    select
        fc1_0.id,
        fc1_0.beta_feature,
        fc1_0.category,
        fc1_0.created_at,
        fc1_0.description,
        fc1_0.disabled_since,
        fc1_0.enabled,
        fc1_0.enabled_for_all,
        fc1_0.enabled_since,
        fc1_0.feature_flag,
        fc1_0.min_subscription_tier,
        fc1_0.requires_subscription,
        fc1_0.updated_at 
    from
        feature_config fc1_0 
    where
        fc1_0.feature_flag=?
2026-02-01T19:26:51.669+05:30 DEBUG 12305 --- [pi-system] [nio-8082-exec-6] org.hibernate.SQL                        : 
    select
        fc1_0.id,
        fc1_0.beta_feature,
        fc1_0.category,
        fc1_0.created_at,
        fc1_0.description,
        fc1_0.disabled_since,
        fc1_0.enabled,
        fc1_0.enabled_for_all,
        fc1_0.enabled_since,
        fc1_0.feature_flag,
        fc1_0.min_subscription_tier,
        fc1_0.requires_subscription,
        fc1_0.updated_at 
    from
        feature_config fc1_0 
    where
        fc1_0.feature_flag=?
2026-02-01T19:26:51.670+05:30 DEBUG 12305 --- [pi-system] [nio-8082-exec-6] org.hibernate.SQL                        : 
    select
        fc1_0.id,
        fc1_0.beta_feature,
        fc1_0.category,
        fc1_0.created_at,
        fc1_0.description,
        fc1_0.disabled_since,
        fc1_0.enabled,
        fc1_0.enabled_for_all,
        fc1_0.enabled_since,
        fc1_0.feature_flag,
        fc1_0.min_subscription_tier,
        fc1_0.requires_subscription,
        fc1_0.updated_at 
    from
        feature_config fc1_0 
    where
        fc1_0.feature_flag=?
2026-02-01T19:26:51.671+05:30 DEBUG 12305 --- [pi-system] [nio-8082-exec-6] org.hibernate.SQL                        : 
    select
        fc1_0.id,
        fc1_0.beta_feature,
        fc1_0.category,
        fc1_0.created_at,
        fc1_0.description,
        fc1_0.disabled_since,
        fc1_0.enabled,
        fc1_0.enabled_for_all,
        fc1_0.enabled_since,
        fc1_0.feature_flag,
        fc1_0.min_subscription_tier,
        fc1_0.requires_subscription,
        fc1_0.updated_at 
    from
        feature_config fc1_0 
    where
        fc1_0.feature_flag=?
2026-02-01T19:26:51.672+05:30 DEBUG 12305 --- [pi-system] [nio-8082-exec-6] org.hibernate.SQL                        : 
    select
        fc1_0.id,
        fc1_0.beta_feature,
        fc1_0.category,
        fc1_0.created_at,
        fc1_0.description,
        fc1_0.disabled_since,
        fc1_0.enabled,
        fc1_0.enabled_for_all,
        fc1_0.enabled_since,
        fc1_0.feature_flag,
        fc1_0.min_subscription_tier,
        fc1_0.requires_subscription,
        fc1_0.updated_at 
    from
        feature_config fc1_0 
    where
        fc1_0.feature_flag=?
2026-02-01T19:26:51.674+05:30 DEBUG 12305 --- [pi-system] [nio-8082-exec-6] org.hibernate.SQL                        : 
    select
        fc1_0.id,
        fc1_0.beta_feature,
        fc1_0.category,
        fc1_0.created_at,
        fc1_0.description,
        fc1_0.disabled_since,
        fc1_0.enabled,
        fc1_0.enabled_for_all,
        fc1_0.enabled_since,
        fc1_0.feature_flag,
        fc1_0.min_subscription_tier,
        fc1_0.requires_subscription,
        fc1_0.updated_at 
    from
        feature_config fc1_0 
    where
        fc1_0.feature_flag=?
2026-02-01T19:26:51.675+05:30 DEBUG 12305 --- [pi-system] [nio-8082-exec-6] org.hibernate.SQL                        : 
    select
        fc1_0.id,
        fc1_0.beta_feature,
        fc1_0.category,
        fc1_0.created_at,
        fc1_0.description,
        fc1_0.disabled_since,
        fc1_0.enabled,
        fc1_0.enabled_for_all,
        fc1_0.enabled_since,
        fc1_0.feature_flag,
        fc1_0.min_subscription_tier,
        fc1_0.requires_subscription,
        fc1_0.updated_at 
    from
        feature_config fc1_0 
    where
        fc1_0.feature_flag=?
2026-02-01T19:26:51.676+05:30 DEBUG 12305 --- [pi-system] [nio-8082-exec-6] org.hibernate.SQL                        : 
    select
        fc1_0.id,
        fc1_0.beta_feature,
        fc1_0.category,
        fc1_0.created_at,
        fc1_0.description,
        fc1_0.disabled_since,
        fc1_0.enabled,
        fc1_0.enabled_for_all,
        fc1_0.enabled_since,
        fc1_0.feature_flag,
        fc1_0.min_subscription_tier,
        fc1_0.requires_subscription,
        fc1_0.updated_at 
    from
        feature_config fc1_0 
    where
        fc1_0.feature_flag=?
2026-02-01T19:26:51.677+05:30 DEBUG 12305 --- [pi-system] [nio-8082-exec-6] org.hibernate.SQL                        : 
    select
        fc1_0.id,
        fc1_0.beta_feature,
        fc1_0.category,
        fc1_0.created_at,
        fc1_0.description,
        fc1_0.disabled_since,
        fc1_0.enabled,
        fc1_0.enabled_for_all,
        fc1_0.enabled_since,
        fc1_0.feature_flag,
        fc1_0.min_subscription_tier,
        fc1_0.requires_subscription,
        fc1_0.updated_at 
    from
        feature_config fc1_0 
    where
        fc1_0.feature_flag=?
2026-02-01T19:26:51.679+05:30 DEBUG 12305 --- [pi-system] [nio-8082-exec-6] org.hibernate.SQL                        : 
    select
        fc1_0.id,
        fc1_0.beta_feature,
        fc1_0.category,
        fc1_0.created_at,
        fc1_0.description,
        fc1_0.disabled_since,
        fc1_0.enabled,
        fc1_0.enabled_for_all,
        fc1_0.enabled_since,
        fc1_0.feature_flag,
        fc1_0.min_subscription_tier,
        fc1_0.requires_subscription,
        fc1_0.updated_at 
    from
        feature_config fc1_0 
    where
        fc1_0.feature_flag=?
2026-02-01T19:26:51.680+05:30 DEBUG 12305 --- [pi-system] [nio-8082-exec-6] org.hibernate.SQL                        : 
    select
        fc1_0.id,
        fc1_0.beta_feature,
        fc1_0.category,
        fc1_0.created_at,
        fc1_0.description,
        fc1_0.disabled_since,
        fc1_0.enabled,
        fc1_0.enabled_for_all,
        fc1_0.enabled_since,
        fc1_0.feature_flag,
        fc1_0.min_subscription_tier,
        fc1_0.requires_subscription,
        fc1_0.updated_at 
    from
        feature_config fc1_0 
    where
        fc1_0.feature_flag=?
2026-02-01T19:26:51.682+05:30 DEBUG 12305 --- [pi-system] [nio-8082-exec-6] org.hibernate.SQL                        : 
    select
        fc1_0.id,
        fc1_0.beta_feature,
        fc1_0.category,
        fc1_0.created_at,
        fc1_0.description,
        fc1_0.disabled_since,
        fc1_0.enabled,
        fc1_0.enabled_for_all,
        fc1_0.enabled_since,
        fc1_0.feature_flag,
        fc1_0.min_subscription_tier,
        fc1_0.requires_subscription,
        fc1_0.updated_at 
    from
        feature_config fc1_0 
    where
        fc1_0.feature_flag=?
2026-02-01T19:26:51.683+05:30 DEBUG 12305 --- [pi-system] [nio-8082-exec-6] org.hibernate.SQL                        : 
    select
        fc1_0.id,
        fc1_0.beta_feature,
        fc1_0.category,
        fc1_0.created_at,
        fc1_0.description,
        fc1_0.disabled_since,
        fc1_0.enabled,
        fc1_0.enabled_for_all,
        fc1_0.enabled_since,
        fc1_0.feature_flag,
        fc1_0.min_subscription_tier,
        fc1_0.requires_subscription,
        fc1_0.updated_at 
    from
        feature_config fc1_0 
    where
        fc1_0.feature_flag=?
2026-02-01T19:26:51.684+05:30 DEBUG 12305 --- [pi-system] [nio-8082-exec-6] org.hibernate.SQL                        : 
    select
        fc1_0.id,
        fc1_0.beta_feature,
        fc1_0.category,
        fc1_0.created_at,
        fc1_0.description,
        fc1_0.disabled_since,
        fc1_0.enabled,
        fc1_0.enabled_for_all,
        fc1_0.enabled_since,
        fc1_0.feature_flag,
        fc1_0.min_subscription_tier,
        fc1_0.requires_subscription,
        fc1_0.updated_at 
    from
        feature_config fc1_0 
    where
        fc1_0.feature_flag=?
2026-02-01T19:26:51.686+05:30 DEBUG 12305 --- [pi-system] [nio-8082-exec-6] org.hibernate.SQL                        : 
    select
        fc1_0.id,
        fc1_0.beta_feature,
        fc1_0.category,
        fc1_0.created_at,
        fc1_0.description,
        fc1_0.disabled_since,
        fc1_0.enabled,
        fc1_0.enabled_for_all,
        fc1_0.enabled_since,
        fc1_0.feature_flag,
        fc1_0.min_subscription_tier,
        fc1_0.requires_subscription,
        fc1_0.updated_at 
    from
        feature_config fc1_0 
    where
        fc1_0.feature_flag=?
2026-02-01T19:26:51.687+05:30 DEBUG 12305 --- [pi-system] [nio-8082-exec-6] org.hibernate.SQL                        : 
    select
        fc1_0.id,
        fc1_0.beta_feature,
        fc1_0.category,
        fc1_0.created_at,
        fc1_0.description,
        fc1_0.disabled_since,
        fc1_0.enabled,
        fc1_0.enabled_for_all,
        fc1_0.enabled_since,
        fc1_0.feature_flag,
        fc1_0.min_subscription_tier,
        fc1_0.requires_subscription,
        fc1_0.updated_at 
    from
        feature_config fc1_0 
    where
        fc1_0.feature_flag=?
2026-02-01T19:26:51.688+05:30 DEBUG 12305 --- [pi-system] [nio-8082-exec-6] org.hibernate.SQL                        : 
    select
        fc1_0.id,
        fc1_0.beta_feature,
        fc1_0.category,
        fc1_0.created_at,
        fc1_0.description,
        fc1_0.disabled_since,
        fc1_0.enabled,
        fc1_0.enabled_for_all,
        fc1_0.enabled_since,
        fc1_0.feature_flag,
        fc1_0.min_subscription_tier,
        fc1_0.requires_subscription,
        fc1_0.updated_at 
    from
        feature_config fc1_0 
    where
        fc1_0.feature_flag=?
2026-02-01T19:26:51.688+05:30 DEBUG 12305 --- [pi-system] [nio-8082-exec-6] org.hibernate.SQL                        : 
    select
        fc1_0.id,
        fc1_0.beta_feature,
        fc1_0.category,
        fc1_0.created_at,
        fc1_0.description,
        fc1_0.disabled_since,
        fc1_0.enabled,
        fc1_0.enabled_for_all,
        fc1_0.enabled_since,
        fc1_0.feature_flag,
        fc1_0.min_subscription_tier,
        fc1_0.requires_subscription,
        fc1_0.updated_at 
    from
        feature_config fc1_0 
    where
        fc1_0.feature_flag=?
2026-02-01T19:26:51.689+05:30 DEBUG 12305 --- [pi-system] [nio-8082-exec-6] org.hibernate.SQL                        : 
    select
        fc1_0.id,
        fc1_0.beta_feature,
        fc1_0.category,
        fc1_0.created_at,
        fc1_0.description,
        fc1_0.disabled_since,
        fc1_0.enabled,
        fc1_0.enabled_for_all,
        fc1_0.enabled_since,
        fc1_0.feature_flag,
        fc1_0.min_subscription_tier,
        fc1_0.requires_subscription,
        fc1_0.updated_at 
    from
        feature_config fc1_0 
    where
        fc1_0.feature_flag=?
2026-02-01T19:26:51.690+05:30 DEBUG 12305 --- [pi-system] [nio-8082-exec-6] org.hibernate.SQL                        : 
    select
        fc1_0.id,
        fc1_0.beta_feature,
        fc1_0.category,
        fc1_0.created_at,
        fc1_0.description,
        fc1_0.disabled_since,
        fc1_0.enabled,
        fc1_0.enabled_for_all,
        fc1_0.enabled_since,
        fc1_0.feature_flag,
        fc1_0.min_subscription_tier,
        fc1_0.requires_subscription,
        fc1_0.updated_at 
    from
        feature_config fc1_0 
    where
        fc1_0.feature_flag=?
2026-02-01T19:26:51.691+05:30 DEBUG 12305 --- [pi-system] [nio-8082-exec-6] org.hibernate.SQL                        : 
    select
        fc1_0.id,
        fc1_0.beta_feature,
        fc1_0.category,
        fc1_0.created_at,
        fc1_0.description,
        fc1_0.disabled_since,
        fc1_0.enabled,
        fc1_0.enabled_for_all,
        fc1_0.enabled_since,
        fc1_0.feature_flag,
        fc1_0.min_subscription_tier,
        fc1_0.requires_subscription,
        fc1_0.updated_at 
    from
        feature_config fc1_0 
    where
        fc1_0.feature_flag=?
2026-02-01T19:26:51.692+05:30 DEBUG 12305 --- [pi-system] [nio-8082-exec-6] org.hibernate.SQL                        : 
    select
        fc1_0.id,
        fc1_0.beta_feature,
        fc1_0.category,
        fc1_0.created_at,
        fc1_0.description,
        fc1_0.disabled_since,
        fc1_0.enabled,
        fc1_0.enabled_for_all,
        fc1_0.enabled_since,
        fc1_0.feature_flag,
        fc1_0.min_subscription_tier,
        fc1_0.requires_subscription,
        fc1_0.updated_at 
    from
        feature_config fc1_0 
    where
        fc1_0.feature_flag=?
2026-02-01T19:26:51.693+05:30 DEBUG 12305 --- [pi-system] [nio-8082-exec-6] org.hibernate.SQL                        : 
    select
        fc1_0.id,
        fc1_0.beta_feature,
        fc1_0.category,
        fc1_0.created_at,
        fc1_0.description,
        fc1_0.disabled_since,
        fc1_0.enabled,
        fc1_0.enabled_for_all,
        fc1_0.enabled_since,
        fc1_0.feature_flag,
        fc1_0.min_subscription_tier,
        fc1_0.requires_subscription,
        fc1_0.updated_at 
    from
        feature_config fc1_0 
    where
        fc1_0.feature_flag=?
2026-02-01T19:26:51.694+05:30 DEBUG 12305 --- [pi-system] [nio-8082-exec-6] org.hibernate.SQL                        : 
    select
        fc1_0.id,
        fc1_0.beta_feature,
        fc1_0.category,
        fc1_0.created_at,
        fc1_0.description,
        fc1_0.disabled_since,
        fc1_0.enabled,
        fc1_0.enabled_for_all,
        fc1_0.enabled_since,
        fc1_0.feature_flag,
        fc1_0.min_subscription_tier,
        fc1_0.requires_subscription,
        fc1_0.updated_at 
    from
        feature_config fc1_0 
    where
        fc1_0.feature_flag=?
2026-02-01T19:26:51.695+05:30 DEBUG 12305 --- [pi-system] [nio-8082-exec-6] org.hibernate.SQL                        : 
    select
        fc1_0.id,
        fc1_0.beta_feature,
        fc1_0.category,
        fc1_0.created_at,
        fc1_0.description,
        fc1_0.disabled_since,
        fc1_0.enabled,
        fc1_0.enabled_for_all,
        fc1_0.enabled_since,
        fc1_0.feature_flag,
        fc1_0.min_subscription_tier,
        fc1_0.requires_subscription,
        fc1_0.updated_at 
    from
        feature_config fc1_0 
    where
        fc1_0.feature_flag=?
2026-02-01T19:26:51.703+05:30 DEBUG 12305 --- [pi-system] [nio-8082-exec-6] org.hibernate.SQL                        : 
    insert 
    into
        request_audit
        (ip_address, method, query_params, status_code, time_taken_ms, timestamp, uri, user_agent, user_id) 
    values
        (?, ?, ?, ?, ?, ?, ?, ?, ?)
